optseq2
$Id: optseq2.c,v 2.15 2009/05/26 18:13:45 greve Exp $
NoSearch  = 0
nSearch  = 1000
nKeep    = 3
PctUpdate  = 10.000000
nCB1Opt  = 0
seed     = 721164
Ntp  = 100
TR   = 2
TPreScan   = 0
PSD Window   = 0 20 2
nEvTypes = 1
EvNo    Label Duration nRepsNom
 1       evt1  2.000   30
PctVarEvReps = 0
VarEvRepsPerCond = 0
PolyOrder = -1
tNullMax = -1
tNullMin = 0
AR1 = 0
No refractory penalty
Cost = eff
OutStem = exp1
Summary File = exp1.sum

Pct nSrch MinSrch Cost Eff Cb1Err VRFAvg VRFStd VRFMin VRFMax VRFRange nSince

BeginUpdateLog
 0       1     0.0   2.08686  2.08686  0.0333  20.9164  1.04369  19.2283  22.2917  3.06333 188 0
 0       5     0.0   2.08686  2.08686  0.0333  20.9164  1.04369  19.2283  22.2917  3.06333 188 1
 0       5     0.0   2.18913  2.18913  0.0333  21.9017  0.514433  21.4526  23.2907  1.83808 126 0
 0       7     0.0   2.18913  2.18913  0.0333  21.9017  0.514433  21.4526  23.2907  1.83808 126 1
 0       7     0.0   2.18913  2.18913  0.0333  21.9017  0.514433  21.4526  23.2907  1.83808 126 0
 1      11     0.0   2.18913  2.18913  0.0333  21.9017  0.514433  21.4526  23.2907  1.83808 126 3
 1      11     0.0   2.18913  2.18913  0.0333  21.9017  0.514433  21.4526  23.2907  1.83808 126 0
 1      19     0.0   2.18913  2.18913  0.0333  21.9017  0.514433  21.4526  23.2907  1.83808 126 7
 1      19     0.0   2.31301  2.31301  0.0333  23.1447  0.608508  21.8767  23.7526  1.87595 141 0
 4      45     0.0   2.31301  2.31301  0.0333  23.1447  0.608508  21.8767  23.7526  1.87595 141 25
 4      45     0.0   2.31301  2.31301  0.0333  23.1447  0.608508  21.8767  23.7526  1.87595 141 0
 4      47     0.0   2.31301  2.31301  0.0333  23.1447  0.608508  21.8767  23.7526  1.87595 141 1
 4      47     0.0   2.31301  2.31301  0.0333  23.1447  0.608508  21.8767  23.7526  1.87595 141 0
 5      53     0.0   2.31301  2.31301  0.0333  23.1447  0.608508  21.8767  23.7526  1.87595 141 5
 5      53     0.0   2.31301  2.31301  0.0333  23.1447  0.608508  21.8767  23.7526  1.87595 141 0
 7      74     0.0   2.31301  2.31301  0.0333  23.1447  0.608508  21.8767  23.7526  1.87595 141 20
 7      74     0.0   2.31301  2.31301  0.0333  23.1447  0.608508  21.8767  23.7526  1.87595 141 0
 9      97     0.0   2.31301  2.31301  0.0333  23.1447  0.608508  21.8767  23.7526  1.87595 141 22
 9      97     0.0   2.31301  2.31301  0.0333  23.1447  0.608508  21.8767  23.7526  1.87595 141 0
11     110     0.0   2.31301  2.31301  0.0333  23.1447  0.608508  21.8767  23.7526  1.87595 141 13
12     127     0.0   2.31301  2.31301  0.0333  23.1447  0.608508  21.8767  23.7526  1.87595 141 29
12     127     0.0   2.31301  2.31301  0.0333  23.1447  0.608508  21.8767  23.7526  1.87595 141 0
15     154     0.0   2.31301  2.31301  0.0333  23.1447  0.608508  21.8767  23.7526  1.87595 141 26
15     154     0.0   2.31301  2.31301  0.0333  23.1447  0.608508  21.8767  23.7526  1.87595 141 0
22     220     0.0   2.31301  2.31301  0.0333  23.1447  0.608508  21.8767  23.7526  1.87595 141 66
33     330     0.0   2.31301  2.31301  0.0333  23.1447  0.608508  21.8767  23.7526  1.87595 141 176
44     440     0.0   2.31301  2.31301  0.0333  23.1447  0.608508  21.8767  23.7526  1.87595 141 286
47     478     0.0   2.31301  2.31301  0.0333  23.1447  0.608508  21.8767  23.7526  1.87595 141 323
47     478     0.0   2.32006  2.32006  0.0333  23.2195  0.692171  22.147  23.9115  1.76449 161 0
55     550     0.0   2.32006  2.32006  0.0333  23.2195  0.692171  22.147  23.9115  1.76449 161 72
66     660     0.0   2.32006  2.32006  0.0333  23.2195  0.692171  22.147  23.9115  1.76449 161 182
77     770     0.0   2.32006  2.32006  0.0333  23.2195  0.692171  22.147  23.9115  1.76449 161 292
88     880     0.0   2.32006  2.32006  0.0333  23.2195  0.692171  22.147  23.9115  1.76449 161 402
99     990     0.0   2.32006  2.32006  0.0333  23.2195  0.692171  22.147  23.9115  1.76449 161 512
100    1000     0.0   2.32006  2.32006  0.0333  23.2195  0.692171  22.147  23.9115  1.76449 161 522
EndUpdateLog

Done
