optseq2
$Id: optseq2.c,v 2.15 2009/05/26 18:13:45 greve Exp $
NoSearch  = 0
nSearch  = 1000
nKeep    = 6
PctUpdate  = 10.000000
nCB1Opt  = 0
seed     = 391037
Ntp  = 120
TR   = 2
TPreScan   = 0
PSD Window   = 6 12 2
nEvTypes = 2
EvNo    Label Duration nRepsNom
 1       left  2.000   12
 2      right  2.000   12
PctVarEvReps = 0
VarEvRepsPerCond = 0
PolyOrder = -1
tNullMax = 12
tNullMin = 6
AR1 = 0
No refractory penalty
Cost = eff
OutStem = FGI
Summary File = FGI.sum

Pct nSrch MinSrch Cost Eff Cb1Err VRFAvg VRFStd VRFMin VRFMax VRFRange nSince

BeginUpdateLog
 0       1     0.0   1.4049e-08  1.4049e-08  0.0417  8.42937e-08  3.8918e-15  8.42937e-08  8.42937e-08  7.10543e-15 98.4 0
 0       7     0.0   2  2  0.0417  12  0  12  12  0 26.4 0
 0       7     0.0   2  2  0.0417  12  0  12  12  0 26.4 0
 0       8     0.0   2  2  0.0417  12  0  12  12  0 26.4 0
 0       8     0.0   2  2  0.0417  12  0  12  12  0 26.4 0
 0       9     0.0   2  2  0.0417  12  0  12  12  0 26.4 0
 0       9     0.0   2  2  0.0417  12  0  12  12  0 26.4 0
 0      10     0.0   2  2  0.0417  12  0  12  12  0 26.4 0
 0      10     0.0   2  2  0.0417  12  0  12  12  0 26.4 0
11     110     0.0   2  2  0.0417  12  0  12  12  0 26.4 100
22     220     0.0   2  2  0.0417  12  0  12  12  0 26.4 210
33     330     0.0   2  2  0.0417  12  0  12  12  0 26.4 320
44     440     0.0   2  2  0.0417  12  0  12  12  0 26.4 430
55     550     0.0   2  2  0.0417  12  0  12  12  0 26.4 540
66     660     0.0   2  2  0.0417  12  0  12  12  0 26.4 650
77     770     0.0   2  2  0.0417  12  0  12  12  0 26.4 760
88     880     0.0   2  2  0.0417  12  0  12  12  0 26.4 870
99     990     0.0   2  2  0.0417  12  0  12  12  0 26.4 980
100    1000     0.0   2  2  0.0417  12  0  12  12  0 26.4 990
EndUpdateLog

Done
