optseq2
$Id: optseq2.c,v 2.22 2011/04/21 19:48:51 greve Exp $
NoSearch  = 0
tSearch  = 0.1 hours
nKeep    = 10
PctUpdate  = 10.000000
nCB1Opt  = 0
seed     = 391744
Ntp  = 120
TR   = 2
TPreScan   = 0
PSD Window   = 2 10 2
nEvTypes = 6
EvNo    Label Duration nRepsNom
 1       LHit  2.000    4
 2      LMiss  2.000    4
 3    LRecede  2.000    4
 4       RHit  2.000    4
 5      RMiss  2.000    4
 6    RRecede  2.000    4
PctVarEvReps = 0
VarEvRepsPerCond = 0
PolyOrder = -1
tNullMax = 12
tNullMin = 6
AR1 = 0
No refractory penalty
Cost = eff
OutStem = par
Summary File = par.sum

Pct nSrch MinSrch Cost Eff Cb1Err VRFAvg VRFStd VRFMin VRFMax VRFRange nSince

BeginUpdateLog
 0       1     0.0   0.166667  0.166667  0.9028  4  0  4  4  0 48.0002 0
 0      12     0.0   0.166667  0.166667  0.9028  4  0  4  4  0 48.0002 1
 0      12     0.0   0.166667  0.166667  0.9028  4  0  4  4  0 48.0002 0
 0      13     0.0   0.166667  0.166667  0.9028  4  0  4  4  0 48.0002 0
 0      13     0.0   0.166667  0.166667  0.9028  4  0  4  4  0 48.0002 0
 0      15     0.0   0.166667  0.166667  0.9028  4  0  4  4  0 48.0002 1
 0      15     0.0   0.166667  0.166667  0.9028  4  0  4  4  0 48.0002 0
 0      16     0.0   0.166667  0.166667  0.9028  4  0  4  4  0 48.0002 0
 0      16     0.0   0.166667  0.166667  0.9028  4  0  4  4  0 48.0002 0
10  196297     0.6   0.166667  0.166667  0.9028  4  0  4  4  0 48.0002 196281
21  394488     1.2   0.166667  0.166667  0.9028  4  0  4  4  0 48.0002 394472
31  591479     1.9   0.166667  0.166667  0.9028  4  0  4  4  0 48.0002 591463
41  788296     2.5   0.166667  0.166667  0.9028  4  0  4  4  0 48.0002 788280
51  986651     3.1   0.166667  0.166667  0.9028  4  0  4  4  0 48.0002 986635
62 1184074     3.7   0.166667  0.166667  0.9028  4  0  4  4  0 48.0002 1184058
72 1381781     4.3   0.166667  0.166667  0.9028  4  0  4  4  0 48.0002 1381765
82 1580984     4.9   0.166667  0.166667  0.9028  4  0  4  4  0 48.0002 1580968
92 1780444     5.6   0.166667  0.166667  0.9028  4  0  4  4  0 48.0002 1780428
100 1924870     6.0   0.166667  0.166667  0.9028  4  0  4  4  0 48.0002 1924854
EndUpdateLog

Done
